Using pre-set license
Built from '2020.3/release' branch; Version is '2020.3.27f1 (e759542391ea) revision 15161684'; Using compiler version '192528614'; Build Type 'Release'
OS: 'Windows 10  (10.0.19043) 64bit Core' Language: 'fr' Physical Memory: 16268 MB
BatchMode: 1, IsHumanControllingUs: 0, StartBugReporterOnCrash: 0, Is64bit: 1, IsPro: 0

COMMAND LINE ARGUMENTS:
C:\Program Files\Unity\Hub\Editor\2020.3.27f1\Editor\Unity.exe
-adb2
-batchMode
-noUpm
-name
AssetImportWorker0
-projectPath
C:/Users/maxde/Desktop/PremierprojectEnv
-logFile
Logs/AssetImportWorker0.log
-srvPort
55987
Successfully changed project path to: C:/Users/maxde/Desktop/PremierprojectEnv
C:/Users/maxde/Desktop/PremierprojectEnv
Using Asset Import Pipeline V2.
Refreshing native plugins compatible for Editor in 75.97 ms, found 5 plugins.
Preloading 2 native plugins for Editor in 5.07 ms.
Initialize engine version: 2020.3.27f1 (e759542391ea)
[Subsystems] Discovering subsystems at path C:/Program Files/Unity/Hub/Editor/2020.3.27f1/Editor/Data/Resources/UnitySubsystems
[Subsystems] Discovering subsystems at path C:/Users/maxde/Desktop/PremierprojectEnv/Assets
GfxDevice: creating device client; threaded=0
Direct3D:
    Version:  Direct3D 11.0 [level 11.1]
    Renderer: NVIDIA GeForce GTX 1050 (ID=0x1c8d)
    Vendor:   
    VRAM:     4021 MB
    Driver:   26.21.14.4193
Initialize mono
Mono path[0] = 'C:/Program Files/Unity/Hub/Editor/2020.3.27f1/Editor/Data/Managed'
Mono path[1] = 'C:/Program Files/Unity/Hub/Editor/2020.3.27f1/Editor/Data/MonoBleedingEdge/lib/mono/unityjit'
Mono config path = 'C:/Program Files/Unity/Hub/Editor/2020.3.27f1/Editor/Data/MonoBleedingEdge/etc'
Using monoOptions --debugger-agent=transport=dt_socket,embedding=1,server=y,suspend=n,address=127.0.0.1:56868
Begin MonoManager ReloadAssembly
Registering precompiled unity dll's ...
Register platform support module: C:/Program Files/Unity/Hub/Editor/2020.3.27f1/Editor/Data/PlaybackEngines/WindowsStandaloneSupport/UnityEditor.WindowsStandalone.Extensions.dll
Registered in 0.158983 seconds.
Native extension for WindowsStandalone target not found
Refreshing native plugins compatible for Editor in 43.93 ms, found 5 plugins.
Preloading 2 native plugins for Editor in 0.17 ms.
Mono: successfully reloaded assembly
- Completed reload, in  4.008 seconds
Domain Reload Profiling:
	ReloadAssembly (4009ms)
		BeginReloadAssembly (2939ms)
			ExecutionOrderSort (0ms)
			DisableScriptedObjects (0ms)
			BackupInstance (0ms)
			ReleaseScriptingObjects (0ms)
			CreateAndSetChildDomain (1ms)
		EndReloadAssembly (699ms)
			LoadAssemblies (2938ms)
			RebuildTransferFunctionScriptingTraits (0ms)
			SetupTypeCache (334ms)
			ReleaseScriptCaches (0ms)
			RebuildScriptCaches (32ms)
			SetupLoadedEditorAssemblies (182ms)
				LogAssemblyErrors (0ms)
				InitializePlatformSupportModulesInManaged (4ms)
				SetLoadedEditorAssemblies (0ms)
				RefreshPlugins (44ms)
				BeforeProcessingInitializeOnLoad (10ms)
				ProcessInitializeOnLoadAttributes (89ms)
				ProcessInitializeOnLoadMethodAttributes (34ms)
				AfterProcessingInitializeOnLoad (0ms)
				EditorAssembliesLoaded (0ms)
			ExecutionOrderSort2 (0ms)
			AwakeInstancesAfterBackupRestoration (0ms)
Platform modules already initialized, skipping
Registering precompiled user dll's ...
Registered in 1.382010 seconds.
Begin MonoManager ReloadAssembly
Native extension for WindowsStandalone target not found
Refreshing native plugins compatible for Editor in 0.64 ms, found 5 plugins.
Preloading 2 native plugins for Editor in 0.20 ms.
System.NullReferenceException: Object reference not set to an instance of an object
  at Vuforia.EditorClasses.ExtensionTypeProvider.GetVuforiaPackageAbsPath () [0x0004a] in <0213e6f0fa134fa89db6bafa02899715>:0 
  at Vuforia.EditorClasses.ExtensionTypeProvider.IsPackageManager () [0x00000] in <0213e6f0fa134fa89db6bafa02899715>:0 
  at Vuforia.EditorClasses.ExtensionTypeProvider.ResolvePluginType () [0x00009] in <0213e6f0fa134fa89db6bafa02899715>:0 
  at Vuforia.EditorClasses.ExtensionTypeProvider.GetPluginType () [0x0000c] in <0213e6f0fa134fa89db6bafa02899715>:0 
  at Vuforia.EditorClasses.VuforiaUtilities.IsVuforiaEnabledInPlayerSettings () [0x00000] in <0213e6f0fa134fa89db6bafa02899715>:0 
  at VuforiaEnabledObserver..cctor () [0x00000] in <0213e6f0fa134fa89db6bafa02899715>:0 
UnityEngine.StackTraceUtility:ExtractStackTrace ()
UnityEngine.DebugLogHandler:LogFormat (UnityEngine.LogType,UnityEngine.Object,string,object[])
UnityEngine.Logger:Log (UnityEngine.LogType,object)
UnityEngine.Debug:LogError (object)
UnityEditor.EditorAssemblies:ProcessInitializeOnLoadAttributes (System.Type[])

System.NullReferenceException: Object reference not set to an instance of an object
  at Vuforia.EditorClasses.ExtensionTypeProvider.GetVuforiaPackageAbsPath () [0x0004a] in <0213e6f0fa134fa89db6bafa02899715>:0 
  at Vuforia.EditorClasses.ExtensionTypeProvider.IsPackageManager () [0x00000] in <0213e6f0fa134fa89db6bafa02899715>:0 
  at Vuforia.EditorClasses.ExtensionTypeProvider.ResolvePluginType () [0x00009] in <0213e6f0fa134fa89db6bafa02899715>:0 
  at Vuforia.EditorClasses.ExtensionTypeProvider.GetPluginType () [0x0000c] in <0213e6f0fa134fa89db6bafa02899715>:0 
  at Vuforia.EditorClasses.VuforiaUtilities.IsVuforiaEnabledInPlayerSettings () [0x00000] in <0213e6f0fa134fa89db6bafa02899715>:0 
  at Vuforia.EditorClasses.InitializeOnLoadVuforiaTaskRunner..cctor () [0x00015] in <0213e6f0fa134fa89db6bafa02899715>:0 
UnityEngine.StackTraceUtility:ExtractStackTrace ()
UnityEngine.DebugLogHandler:LogFormat (UnityEngine.LogType,UnityEngine.Object,string,object[])
UnityEngine.Logger:Log (UnityEngine.LogType,object)
UnityEngine.Debug:LogError (object)
UnityEditor.EditorAssemblies:ProcessInitializeOnLoadAttributes (System.Type[])

Mono: successfully reloaded assembly
- Completed reload, in  2.688 seconds
Domain Reload Profiling:
	ReloadAssembly (2689ms)
		BeginReloadAssembly (170ms)
			ExecutionOrderSort (0ms)
			DisableScriptedObjects (5ms)
			BackupInstance (0ms)
			ReleaseScriptingObjects (0ms)
			CreateAndSetChildDomain (19ms)
		EndReloadAssembly (2450ms)
			LoadAssemblies (1468ms)
			RebuildTransferFunctionScriptingTraits (0ms)
			SetupTypeCache (470ms)
			ReleaseScriptCaches (0ms)
			RebuildScriptCaches (49ms)
			SetupLoadedEditorAssemblies (368ms)
				LogAssemblyErrors (0ms)
				InitializePlatformSupportModulesInManaged (5ms)
				SetLoadedEditorAssemblies (1ms)
				RefreshPlugins (1ms)
				BeforeProcessingInitializeOnLoad (88ms)
				ProcessInitializeOnLoadAttributes (250ms)
				ProcessInitializeOnLoadMethodAttributes (11ms)
				AfterProcessingInitializeOnLoad (12ms)
				EditorAssembliesLoaded (0ms)
			ExecutionOrderSort2 (0ms)
			AwakeInstancesAfterBackupRestoration (7ms)
Platform modules already initialized, skipping
========================================================================
Worker process is ready to serve import requests
Launched and connected shader compiler UnityShaderCompiler.exe after 0.10 seconds
Refreshing native plugins compatible for Editor in 0.52 ms, found 5 plugins.
Preloading 2 native plugins for Editor in 0.20 ms.
Unloading 1555 Unused Serialized files (Serialized files now loaded: 0)
System memory in use before: 73.4 MB.
System memory in use after: 73.5 MB.

Unloading 45 unused Assets to reduce memory usage. Loaded Objects now: 2292.
Total: 3.604500 ms (FindLiveObjects: 0.282900 ms CreateObjectMapping: 0.124000 ms MarkObjects: 3.110200 ms  DeleteObjects: 0.086000 ms)

AssetImportParameters requested are different than current active one (requested -> active):
  custom:framework-win-MediaFoundation: 216162199b28c13a410421893ffa2e32 -> 
  custom:video-decoder-ogg-theora: a1e56fd34408186e4bbccfd4996cb3dc -> 
  custom:container-muxer-webm: aa71ff27fc2769a1b78a27578f13a17b -> 
  custom:container-demuxer-webm: 4f35f7cbe854078d1ac9338744f61a02 -> 
  custom:container-demuxer-ogg: 62fdf1f143b41e24485cea50d1cbac27 -> 
  custom:video-encoder-webm-vp8: eb34c28f22e8b96e1ab97ce403110664 -> 
  custom:video-decoder-webm-vp8: 9c59270c3fd7afecdb556c50c9e8de78 -> 
  custom:audio-decoder-ogg-vorbis: bf7c407c2cedff20999df2af8eb42d56 -> 
  custom:audio-encoder-webm-vorbis: bf7c407c2cedff20999df2af8eb42d56 -> 
========================================================================
Received Import Request.
  path: Assets/3LE Low Poly Cloud Pack/Models/Cloud_Swirls_Small.fbx
  artifactKey: Guid(ec8da4f39c5eb934893a42ddb1cd191f) Importer(815301076,1909f56bfc062723c751e8b465ee728b)
Start importing Assets/3LE Low Poly Cloud Pack/Models/Cloud_Swirls_Small.fbx using Guid(ec8da4f39c5eb934893a42ddb1cd191f) Importer(815301076,1909f56bfc062723c751e8b465ee728b)  -> (artifact id: '113a689cc98d0602516cedac49f993bd') in 0.599486 seconds 
  Import took 0.602760 seconds .

========================================================================
Received Import Request.
  Time since last request: 0.000286 seconds.
  path: Assets/3LE Low Poly Cloud Pack/Models/Clouds_cumulonimbus.fbx
  artifactKey: Guid(84bc9d52f9a093247beae982bd6c37d1) Importer(815301076,1909f56bfc062723c751e8b465ee728b)
Start importing Assets/3LE Low Poly Cloud Pack/Models/Clouds_cumulonimbus.fbx using Guid(84bc9d52f9a093247beae982bd6c37d1) Importer(815301076,1909f56bfc062723c751e8b465ee728b)  -> (artifact id: '9a247389348869bb8dc5b4b0ec92417b') in 0.026346 seconds 
  Import took 0.029606 seconds .

========================================================================
Received Import Request.
  Time since last request: 0.000407 seconds.
  path: Assets/3LE Low Poly Cloud Pack/Models/Cloud_Cumulus_Fluffy.fbx
  artifactKey: Guid(a6acf282455bcbe49b74fd34fff0a6be) Importer(815301076,1909f56bfc062723c751e8b465ee728b)
Start importing Assets/3LE Low Poly Cloud Pack/Models/Cloud_Cumulus_Fluffy.fbx using Guid(a6acf282455bcbe49b74fd34fff0a6be) Importer(815301076,1909f56bfc062723c751e8b465ee728b)  -> (artifact id: 'f95c3e04d4da16e4927abd1c73956455') in 0.022531 seconds 
  Import took 0.025856 seconds .

========================================================================
Received Import Request.
  Time since last request: 0.000336 seconds.
  path: Assets/3LE Low Poly Cloud Pack/Models/Cloud_Cumulus_Med.fbx
  artifactKey: Guid(74b8105a60af1c84394ac279e7081b79) Importer(815301076,1909f56bfc062723c751e8b465ee728b)
Start importing Assets/3LE Low Poly Cloud Pack/Models/Cloud_Cumulus_Med.fbx using Guid(74b8105a60af1c84394ac279e7081b79) Importer(815301076,1909f56bfc062723c751e8b465ee728b)  -> (artifact id: 'ec9977ae26cc6c04e58ef445649a8e8f') in 0.022016 seconds 
  Import took 0.025329 seconds .

========================================================================
Received Import Request.
  Time since last request: 0.000354 seconds.
  path: Assets/3LE Low Poly Cloud Pack/Models/Cloud_Cumulus.fbx
  artifactKey: Guid(6e253dc59c001e44ab9d35ee01215549) Importer(815301076,1909f56bfc062723c751e8b465ee728b)
Start importing Assets/3LE Low Poly Cloud Pack/Models/Cloud_Cumulus.fbx using Guid(6e253dc59c001e44ab9d35ee01215549) Importer(815301076,1909f56bfc062723c751e8b465ee728b)  -> (artifact id: 'fadd4e7a6cb96f14e927a49b9f95f931') in 0.022176 seconds 
  Import took 0.041807 seconds .

========================================================================
Received Import Request.
  Time since last request: 0.000372 seconds.
  path: Assets/3LE Low Poly Cloud Pack/Models/Cloud_Strato.fbx
  artifactKey: Guid(85c7b36c43c3b5d4bb144cc09fc55f71) Importer(815301076,1909f56bfc062723c751e8b465ee728b)
Start importing Assets/3LE Low Poly Cloud Pack/Models/Cloud_Strato.fbx using Guid(85c7b36c43c3b5d4bb144cc09fc55f71) Importer(815301076,1909f56bfc062723c751e8b465ee728b)  -> (artifact id: '2422143911afe01f46aa0393c3827e42') in 0.021283 seconds 
  Import took 0.024536 seconds .

========================================================================
Received Import Request.
  Time since last request: 0.000342 seconds.
  path: Assets/3LE Low Poly Cloud Pack/Models/Cloud_Swirls.fbx
  artifactKey: Guid(a546d0066a2fa09418bbc5158bf3fee9) Importer(815301076,1909f56bfc062723c751e8b465ee728b)
Start importing Assets/3LE Low Poly Cloud Pack/Models/Cloud_Swirls.fbx using Guid(a546d0066a2fa09418bbc5158bf3fee9) Importer(815301076,1909f56bfc062723c751e8b465ee728b)  -> (artifact id: '357a7de59a7b9b175cecedfae8d3c741') in 0.022064 seconds 
  Import took 0.029148 seconds .

========================================================================
Received Import Request.
  Time since last request: 0.000354 seconds.
  path: Assets/3LE Low Poly Cloud Pack/Models/Clouds_stratus.fbx
  artifactKey: Guid(e0f44c853e3967d4ca02c833371c7171) Importer(815301076,1909f56bfc062723c751e8b465ee728b)
Start importing Assets/3LE Low Poly Cloud Pack/Models/Clouds_stratus.fbx using Guid(e0f44c853e3967d4ca02c833371c7171) Importer(815301076,1909f56bfc062723c751e8b465ee728b)  -> (artifact id: '01e6894eff059c01f3dbf4e8077746c0') in 0.021246 seconds 
  Import took 0.024739 seconds .

========================================================================
Received Import Request.
  Time since last request: 897.615313 seconds.
  path: Assets/3LE Low Poly Cloud Pack/Models/Materials
  artifactKey: Guid(3c4bf04abe207cd458b94b507d0d169d) Importer(815301076,1909f56bfc062723c751e8b465ee728b)
Start importing Assets/3LE Low Poly Cloud Pack/Models/Materials using Guid(3c4bf04abe207cd458b94b507d0d169d) Importer(815301076,1909f56bfc062723c751e8b465ee728b)  -> (artifact id: '5353e8fb3c86279d8981fcf51f73a25f') in 0.039038 seconds 
  Import took 0.046618 seconds .

========================================================================
Received Import Request.
  Time since last request: 3.689762 seconds.
  path: Assets/3LE Low Poly Cloud Pack/Prefabs
  artifactKey: Guid(b924b28d3c8aaba42af99c9ff2212c80) Importer(815301076,1909f56bfc062723c751e8b465ee728b)
Start importing Assets/3LE Low Poly Cloud Pack/Prefabs using Guid(b924b28d3c8aaba42af99c9ff2212c80) Importer(815301076,1909f56bfc062723c751e8b465ee728b)  -> (artifact id: '7c7e8ed976887f5e34b01598076b5371') in 0.023131 seconds 
  Import took 0.032108 seconds .

========================================================================
Received Import Request.
  Time since last request: 62.233378 seconds.
  path: Assets/3LE Low Poly Cloud Pack/Models/Cloud_Cumulus 1.fbx
  artifactKey: Guid(450b60d7569102143ac22f2fc98940b6) Importer(815301076,1909f56bfc062723c751e8b465ee728b)
Start importing Assets/3LE Low Poly Cloud Pack/Models/Cloud_Cumulus 1.fbx using Guid(450b60d7569102143ac22f2fc98940b6) Importer(815301076,1909f56bfc062723c751e8b465ee728b)  -> (artifact id: 'd5501febd83c0161c253ca4abb329f39') in 0.032987 seconds 
  Import took 0.038008 seconds .

========================================================================
Received Import Request.
  Time since last request: 0.000382 seconds.
  path: Assets/3LE Low Poly Cloud Pack/Models/Cloud_Swirls_Small 1.fbx
  artifactKey: Guid(5a015a5f3d528834bad3bbeb496763a1) Importer(815301076,1909f56bfc062723c751e8b465ee728b)
Start importing Assets/3LE Low Poly Cloud Pack/Models/Cloud_Swirls_Small 1.fbx using Guid(5a015a5f3d528834bad3bbeb496763a1) Importer(815301076,1909f56bfc062723c751e8b465ee728b)  -> (artifact id: '1e68737ab566a256e7af47a5ef733eef') in 0.026933 seconds 
  Import took 0.031303 seconds .

========================================================================
Received Import Request.
  Time since last request: 0.000395 seconds.
  path: Assets/3LE Low Poly Cloud Pack/Models/Cloud_Swirls 1.fbx
  artifactKey: Guid(312094c8d923455478156514ee6ce25b) Importer(815301076,1909f56bfc062723c751e8b465ee728b)
Start importing Assets/3LE Low Poly Cloud Pack/Models/Cloud_Swirls 1.fbx using Guid(312094c8d923455478156514ee6ce25b) Importer(815301076,1909f56bfc062723c751e8b465ee728b)  -> (artifact id: '62c7ccdfdec9414306762e48c825e858') in 0.033628 seconds 
  Import took 0.038257 seconds .

========================================================================
Received Import Request.
  Time since last request: 0.000338 seconds.
  path: Assets/3LE Low Poly Cloud Pack/Models/Cloud_Cumulus_Fluffy 1.fbx
  artifactKey: Guid(de394b1aaaf946f49a04125987e4c222) Importer(815301076,1909f56bfc062723c751e8b465ee728b)
Start importing Assets/3LE Low Poly Cloud Pack/Models/Cloud_Cumulus_Fluffy 1.fbx using Guid(de394b1aaaf946f49a04125987e4c222) Importer(815301076,1909f56bfc062723c751e8b465ee728b)  -> (artifact id: 'bcb80c39c34185b73cff36f16670f774') in 0.038357 seconds 
  Import took 0.043793 seconds .

========================================================================
Received Import Request.
  Time since last request: 19.867443 seconds.
  path: Assets/3LE Low Poly Cloud Pack/Models
  artifactKey: Guid(852c4fbed6faab340add9cbaa3092d36) Importer(815301076,1909f56bfc062723c751e8b465ee728b)
Start importing Assets/3LE Low Poly Cloud Pack/Models using Guid(852c4fbed6faab340add9cbaa3092d36) Importer(815301076,1909f56bfc062723c751e8b465ee728b)  -> (artifact id: '0361ce73e76b039a064371b5a1bddd2e') in 0.019014 seconds 
  Import took 0.030868 seconds .

========================================================================
Received Import Request.
  Time since last request: 3.558117 seconds.
  path: Assets/3LE Low Poly Cloud Pack/Prefabs/Clouds_Cumulonimbus_G1.prefab
  artifactKey: Guid(7a7ada80b7910bb47aa7c5434361abb6) Importer(815301076,1909f56bfc062723c751e8b465ee728b)
Start importing Assets/3LE Low Poly Cloud Pack/Prefabs/Clouds_Cumulonimbus_G1.prefab using Guid(7a7ada80b7910bb47aa7c5434361abb6) Importer(815301076,1909f56bfc062723c751e8b465ee728b)  -> (artifact id: '40eb29afa70a6d36bd5f8be02fdb00e3') in 0.074984 seconds 
  Import took 0.083760 seconds .

========================================================================
Received Import Request.
  Time since last request: 0.000794 seconds.
  path: Assets/3LE Low Poly Cloud Pack/Prefabs/Clouds_Cumulonimbus_G2.prefab
  artifactKey: Guid(20822131f7a068849967c4eb0328c80d) Importer(815301076,1909f56bfc062723c751e8b465ee728b)
Start importing Assets/3LE Low Poly Cloud Pack/Prefabs/Clouds_Cumulonimbus_G2.prefab using Guid(20822131f7a068849967c4eb0328c80d) Importer(815301076,1909f56bfc062723c751e8b465ee728b)  -> (artifact id: 'f1e766baa896be5fbf6c9eeb7a529c9a') in 0.043206 seconds 
  Import took 0.050605 seconds .

========================================================================
Received Import Request.
  Time since last request: 0.000606 seconds.
  path: Assets/3LE Low Poly Cloud Pack/Prefabs/Clouds_Stratus_G2.prefab
  artifactKey: Guid(bcea47ee6f529ae49bd4e17c7203013a) Importer(815301076,1909f56bfc062723c751e8b465ee728b)
Start importing Assets/3LE Low Poly Cloud Pack/Prefabs/Clouds_Stratus_G2.prefab using Guid(bcea47ee6f529ae49bd4e17c7203013a) Importer(815301076,1909f56bfc062723c751e8b465ee728b)  -> (artifact id: 'b4c2d26eb0b3a5e8a9a5a7f8a993c533') in 0.037847 seconds 
  Import took 0.043806 seconds .

========================================================================
Received Import Request.
  Time since last request: 0.000474 seconds.
  path: Assets/3LE Low Poly Cloud Pack/Prefabs/Clouds_Swirls_G2.prefab
  artifactKey: Guid(89b3a320a09b72848bd1a24f275e683e) Importer(815301076,1909f56bfc062723c751e8b465ee728b)
Start importing Assets/3LE Low Poly Cloud Pack/Prefabs/Clouds_Swirls_G2.prefab using Guid(89b3a320a09b72848bd1a24f275e683e) Importer(815301076,1909f56bfc062723c751e8b465ee728b)  -> (artifact id: 'c42014d1ede9ee9a62085701eadd8847') in 0.026682 seconds 
  Import took 0.032514 seconds .

========================================================================
Received Import Request.
  Time since last request: 0.000348 seconds.
  path: Assets/3LE Low Poly Cloud Pack/Prefabs/Clouds_Strato_G2.prefab
  artifactKey: Guid(79f3726e667d7254296b8aef52d0f074) Importer(815301076,1909f56bfc062723c751e8b465ee728b)
Start importing Assets/3LE Low Poly Cloud Pack/Prefabs/Clouds_Strato_G2.prefab using Guid(79f3726e667d7254296b8aef52d0f074) Importer(815301076,1909f56bfc062723c751e8b465ee728b)  -> (artifact id: '12b2519ad2c26eb15dfe4f569dd74839') in 0.023388 seconds 
  Import took 0.028064 seconds .

========================================================================
Received Import Request.
  Time since last request: 0.000368 seconds.
  path: Assets/3LE Low Poly Cloud Pack/Prefabs/Clouds_Strato_G1.prefab
  artifactKey: Guid(9ee1a2ad264aa2040bef16ca093d6046) Importer(815301076,1909f56bfc062723c751e8b465ee728b)
Start importing Assets/3LE Low Poly Cloud Pack/Prefabs/Clouds_Strato_G1.prefab using Guid(9ee1a2ad264aa2040bef16ca093d6046) Importer(815301076,1909f56bfc062723c751e8b465ee728b)  -> (artifact id: 'f14336c1c532cc8e4e80a4250a4d7a77') in 0.023702 seconds 
  Import took 0.028640 seconds .

========================================================================
Received Import Request.
  Time since last request: 0.000359 seconds.
  path: Assets/3LE Low Poly Cloud Pack/Prefabs/Clouds_Cumulus_G2.prefab
  artifactKey: Guid(e5a9e0b66bb8a8b47a28819231a34fc2) Importer(815301076,1909f56bfc062723c751e8b465ee728b)
Start importing Assets/3LE Low Poly Cloud Pack/Prefabs/Clouds_Cumulus_G2.prefab using Guid(e5a9e0b66bb8a8b47a28819231a34fc2) Importer(815301076,1909f56bfc062723c751e8b465ee728b)  -> (artifact id: '6abdb4749f0b6733a735df283db34ff6') in 0.023223 seconds 
  Import took 0.027261 seconds .

========================================================================
Received Import Request.
  Time since last request: 0.000653 seconds.
  path: Assets/3LE Low Poly Cloud Pack/Prefabs/Clouds_Swirls_G1.prefab
  artifactKey: Guid(b94cc7cff6b6e2645a5e7c1ce686314b) Importer(815301076,1909f56bfc062723c751e8b465ee728b)
Start importing Assets/3LE Low Poly Cloud Pack/Prefabs/Clouds_Swirls_G1.prefab using Guid(b94cc7cff6b6e2645a5e7c1ce686314b) Importer(815301076,1909f56bfc062723c751e8b465ee728b)  -> (artifact id: '525f9b7f9fdf1c33485e576b32dfe7ee') in 0.023256 seconds 
  Import took 0.043693 seconds .

========================================================================
Received Import Request.
  Time since last request: 0.000392 seconds.
  path: Assets/3LE Low Poly Cloud Pack/Prefabs/Clouds_Cumulus_G1.prefab
  artifactKey: Guid(decc2ba5add7b984aab134a07b436422) Importer(815301076,1909f56bfc062723c751e8b465ee728b)
Start importing Assets/3LE Low Poly Cloud Pack/Prefabs/Clouds_Cumulus_G1.prefab using Guid(decc2ba5add7b984aab134a07b436422) Importer(815301076,1909f56bfc062723c751e8b465ee728b)  -> (artifact id: 'd1681fd58cc6ff44ba8965d0a693870e') in 0.021951 seconds 
  Import took 0.025614 seconds .

========================================================================
Received Import Request.
  Time since last request: 0.000374 seconds.
  path: Assets/3LE Low Poly Cloud Pack/Prefabs/Clouds_Stratus_G1.prefab
  artifactKey: Guid(01bebc0732355504095ed95d90508654) Importer(815301076,1909f56bfc062723c751e8b465ee728b)
Start importing Assets/3LE Low Poly Cloud Pack/Prefabs/Clouds_Stratus_G1.prefab using Guid(01bebc0732355504095ed95d90508654) Importer(815301076,1909f56bfc062723c751e8b465ee728b)  -> (artifact id: '69ccbe514283c38c1f6b25953a341621') in 0.017812 seconds 
  Import took 0.021395 seconds .

========================================================================
Received Import Request.
  Time since last request: 16.237421 seconds.
  path: Assets/3LE Low Poly Cloud Pack/Scenes
  artifactKey: Guid(d676f097bff2ed5428f8427a46130e93) Importer(815301076,1909f56bfc062723c751e8b465ee728b)
Start importing Assets/3LE Low Poly Cloud Pack/Scenes using Guid(d676f097bff2ed5428f8427a46130e93) Importer(815301076,1909f56bfc062723c751e8b465ee728b)  -> (artifact id: '5919a79eecaf17cc5fb84d4139e76a16') in 0.018710 seconds 
  Import took 0.027859 seconds .

========================================================================
Received Import Request.
  Time since last request: 3.447939 seconds.
  path: Assets/3LE Low Poly Cloud Pack/Scenes/Clouds Test SceneSettings.lighting
  artifactKey: Guid(7bf1dff8d029bd24aa748112318da141) Importer(815301076,1909f56bfc062723c751e8b465ee728b)
Start importing Assets/3LE Low Poly Cloud Pack/Scenes/Clouds Test SceneSettings.lighting using Guid(7bf1dff8d029bd24aa748112318da141) Importer(815301076,1909f56bfc062723c751e8b465ee728b) LightingSettings: switching bake backend from 1 to 0.
 -> (artifact id: 'e3791c3c680d8a7f6fd91d0e8f800b78') in 0.027585 seconds 
  Import took 0.037359 seconds .

========================================================================
Received Import Request.
  Time since last request: 60.690699 seconds.
  path: Assets/3LE Low Poly Cloud Pack/Models/Materials/Cloud_cumulus.mat
  artifactKey: Guid(6b9f3ceb7b8a4494b81c12bb67f6a014) Importer(815301076,1909f56bfc062723c751e8b465ee728b)
Start importing Assets/3LE Low Poly Cloud Pack/Models/Materials/Cloud_cumulus.mat using Guid(6b9f3ceb7b8a4494b81c12bb67f6a014) Importer(815301076,1909f56bfc062723c751e8b465ee728b)  -> (artifact id: '79822deea1f743c042a82550cc4408a7') in 0.148347 seconds 
  Import took 0.158152 seconds .

========================================================================
Received Import Request.
  Time since last request: 0.000805 seconds.
  path: Assets/3LE Low Poly Cloud Pack/Models/Materials/Clouds_cumulonimbus.mat
  artifactKey: Guid(2fa1edf430f612945a70dd86b50e2479) Importer(815301076,1909f56bfc062723c751e8b465ee728b)
Start importing Assets/3LE Low Poly Cloud Pack/Models/Materials/Clouds_cumulonimbus.mat using Guid(2fa1edf430f612945a70dd86b50e2479) Importer(815301076,1909f56bfc062723c751e8b465ee728b)  -> (artifact id: '7eca11645ce01afaa02169599fc881d6') in 0.024701 seconds 
  Import took 0.031300 seconds .

========================================================================
Received Import Request.
  Time since last request: 0.000395 seconds.
  path: Assets/3LE Low Poly Cloud Pack/Models/Materials/Clouds_Swirls.mat
  artifactKey: Guid(012ff92e38d62cc49959d9c8454d59b8) Importer(815301076,1909f56bfc062723c751e8b465ee728b)
Start importing Assets/3LE Low Poly Cloud Pack/Models/Materials/Clouds_Swirls.mat using Guid(012ff92e38d62cc49959d9c8454d59b8) Importer(815301076,1909f56bfc062723c751e8b465ee728b)  -> (artifact id: '7f7ff155a6580c948efdd3285e8d8a8b') in 0.023909 seconds 
  Import took 0.046429 seconds .

========================================================================
Received Import Request.
  Time since last request: 0.000673 seconds.
  path: Assets/3LE Low Poly Cloud Pack/Models/Materials/Clouds_cumulus_puffy.mat
  artifactKey: Guid(4ebb047424c76254d96e701ec6552c7e) Importer(815301076,1909f56bfc062723c751e8b465ee728b)
Start importing Assets/3LE Low Poly Cloud Pack/Models/Materials/Clouds_cumulus_puffy.mat using Guid(4ebb047424c76254d96e701ec6552c7e) Importer(815301076,1909f56bfc062723c751e8b465ee728b)  -> (artifact id: 'b342393754067f41e6a067e62f897257') in 0.016275 seconds 
  Import took 0.019977 seconds .

========================================================================
Received Import Request.
  Time since last request: 0.000373 seconds.
  path: Assets/3LE Low Poly Cloud Pack/Models/Materials/Clouds_Strato.mat
  artifactKey: Guid(3caf37f89b2b5444ca6a473c8a1d70c1) Importer(815301076,1909f56bfc062723c751e8b465ee728b)
Start importing Assets/3LE Low Poly Cloud Pack/Models/Materials/Clouds_Strato.mat using Guid(3caf37f89b2b5444ca6a473c8a1d70c1) Importer(815301076,1909f56bfc062723c751e8b465ee728b)  -> (artifact id: 'fd8ad799f99c96cf455788657cb3604c') in 0.015788 seconds 
  Import took 0.019180 seconds .

========================================================================
Received Import Request.
  Time since last request: 0.000341 seconds.
  path: Assets/3LE Low Poly Cloud Pack/Models/Materials/Clouds_stratus.mat
  artifactKey: Guid(032d8fc51acc39b4dae762d59ed273fc) Importer(815301076,1909f56bfc062723c751e8b465ee728b)
Start importing Assets/3LE Low Poly Cloud Pack/Models/Materials/Clouds_stratus.mat using Guid(032d8fc51acc39b4dae762d59ed273fc) Importer(815301076,1909f56bfc062723c751e8b465ee728b)  -> (artifact id: 'db628d6975e210de9a571e5caeaedd59') in 0.012120 seconds 
  Import took 0.015517 seconds .

========================================================================
Received Import Request.
  Time since last request: 27.608588 seconds.
  path: Assets/material
  artifactKey: Guid(a2fe5011162478641b4e442f5bd153d0) Importer(815301076,1909f56bfc062723c751e8b465ee728b)
Start importing Assets/material using Guid(a2fe5011162478641b4e442f5bd153d0) Importer(815301076,1909f56bfc062723c751e8b465ee728b)  -> (artifact id: '39b0bcf7d97853ed7597d7edfec81891') in 0.009814 seconds 
  Import took 0.013888 seconds .

========================================================================
Received Import Request.
  Time since last request: 76.769619 seconds.
  path: Assets/material/Nuage.mat
  artifactKey: Guid(feecfcbfb0eb4a246a0c0f56ec0d60c8) Importer(815301076,1909f56bfc062723c751e8b465ee728b)
Start importing Assets/material/Nuage.mat using Guid(feecfcbfb0eb4a246a0c0f56ec0d60c8) Importer(815301076,1909f56bfc062723c751e8b465ee728b)  -> (artifact id: '7c7e3005dfc6baa841abec73861193b3') in 0.024287 seconds 
  Import took 0.029002 seconds .

========================================================================
Received Import Request.
  Time since last request: 7.312698 seconds.
  path: Assets/Editor/Vuforia/ImageTargetTextures/PremierProjectImageTarget/avion_scaled.jpg
  artifactKey: Guid(10f37a552fcf434ab7f4cd8695e0323f) Importer(815301076,1909f56bfc062723c751e8b465ee728b)
Start importing Assets/Editor/Vuforia/ImageTargetTextures/PremierProjectImageTarget/avion_scaled.jpg using Guid(10f37a552fcf434ab7f4cd8695e0323f) Importer(815301076,1909f56bfc062723c751e8b465ee728b)  -> (artifact id: '034d16d66a4cef16476421afc98743a8') in 0.082327 seconds 
  Import took 0.086387 seconds .

========================================================================
Received Import Request.
  Time since last request: 0.000365 seconds.
  path: Assets/Alstra Infinite/Planes LowPoly/Texture/Texture8x8.png
  artifactKey: Guid(29ca97d7f39b0354ab8d85b0df700cdc) Importer(815301076,1909f56bfc062723c751e8b465ee728b)
Start importing Assets/Alstra Infinite/Planes LowPoly/Texture/Texture8x8.png using Guid(29ca97d7f39b0354ab8d85b0df700cdc) Importer(815301076,1909f56bfc062723c751e8b465ee728b)  -> (artifact id: '2c461a06c599551297c936884fa76b18') in 0.068447 seconds 
  Import took 0.073948 seconds .

========================================================================
Received Import Request.
  Time since last request: 0.000451 seconds.
  path: Assets/Alstra Infinite/Planes LowPoly/Texture/PolyPackPlanes.png
  artifactKey: Guid(2b21df6ad6168a94a925b9ce5dd88c99) Importer(815301076,1909f56bfc062723c751e8b465ee728b)
Start importing Assets/Alstra Infinite/Planes LowPoly/Texture/PolyPackPlanes.png using Guid(2b21df6ad6168a94a925b9ce5dd88c99) Importer(815301076,1909f56bfc062723c751e8b465ee728b)  -> (artifact id: '16ac1537d88a501c1b11022b5f346f0f') in 0.050713 seconds 
  Import took 0.054934 seconds .

========================================================================
Received Import Request.
  Time since last request: 65.900542 seconds.
  path: Assets/material/Nuage.mat
  artifactKey: Guid(feecfcbfb0eb4a246a0c0f56ec0d60c8) Importer(815301076,1909f56bfc062723c751e8b465ee728b)
Start importing Assets/material/Nuage.mat using Guid(feecfcbfb0eb4a246a0c0f56ec0d60c8) Importer(815301076,1909f56bfc062723c751e8b465ee728b)  -> (artifact id: '41669ff0a354b15be58427e436a4d225') in 0.025265 seconds 
  Import took 0.029447 seconds .

========================================================================
Received Prepare
Registering precompiled user dll's ...
Registered in 0.024005 seconds.
Begin MonoManager ReloadAssembly
Native extension for WindowsStandalone target not found
Refreshing native plugins compatible for Editor in 0.55 ms, found 5 plugins.
Preloading 2 native plugins for Editor in 0.19 ms.
System.NullReferenceException: Object reference not set to an instance of an object
  at Vuforia.EditorClasses.ExtensionTypeProvider.GetVuforiaPackageAbsPath () [0x0004a] in <0213e6f0fa134fa89db6bafa02899715>:0 
  at Vuforia.EditorClasses.ExtensionTypeProvider.IsPackageManager () [0x00000] in <0213e6f0fa134fa89db6bafa02899715>:0 
  at Vuforia.EditorClasses.ExtensionTypeProvider.ResolvePluginType () [0x00009] in <0213e6f0fa134fa89db6bafa02899715>:0 
  at Vuforia.EditorClasses.ExtensionTypeProvider.GetPluginType () [0x0000c] in <0213e6f0fa134fa89db6bafa02899715>:0 
  at Vuforia.EditorClasses.VuforiaUtilities.IsVuforiaEnabledInPlayerSettings () [0x00000] in <0213e6f0fa134fa89db6bafa02899715>:0 
  at VuforiaEnabledObserver..cctor () [0x00000] in <0213e6f0fa134fa89db6bafa02899715>:0 
UnityEngine.StackTraceUtility:ExtractStackTrace ()
UnityEngine.DebugLogHandler:LogFormat (UnityEngine.LogType,UnityEngine.Object,string,object[])
UnityEngine.Logger:Log (UnityEngine.LogType,object)
UnityEngine.Debug:LogError (object)
UnityEditor.EditorAssemblies:ProcessInitializeOnLoadAttributes (System.Type[])

System.NullReferenceException: Object reference not set to an instance of an object
  at Vuforia.EditorClasses.ExtensionTypeProvider.GetVuforiaPackageAbsPath () [0x0004a] in <0213e6f0fa134fa89db6bafa02899715>:0 
  at Vuforia.EditorClasses.ExtensionTypeProvider.IsPackageManager () [0x00000] in <0213e6f0fa134fa89db6bafa02899715>:0 
  at Vuforia.EditorClasses.ExtensionTypeProvider.ResolvePluginType () [0x00009] in <0213e6f0fa134fa89db6bafa02899715>:0 
  at Vuforia.EditorClasses.ExtensionTypeProvider.GetPluginType () [0x0000c] in <0213e6f0fa134fa89db6bafa02899715>:0 
  at Vuforia.EditorClasses.VuforiaUtilities.IsVuforiaEnabledInPlayerSettings () [0x00000] in <0213e6f0fa134fa89db6bafa02899715>:0 
  at Vuforia.EditorClasses.InitializeOnLoadVuforiaTaskRunner..cctor () [0x00015] in <0213e6f0fa134fa89db6bafa02899715>:0 
UnityEngine.StackTraceUtility:ExtractStackTrace ()
UnityEngine.DebugLogHandler:LogFormat (UnityEngine.LogType,UnityEngine.Object,string,object[])
UnityEngine.Logger:Log (UnityEngine.LogType,object)
UnityEngine.Debug:LogError (object)
UnityEditor.EditorAssemblies:ProcessInitializeOnLoadAttributes (System.Type[])

Mono: successfully reloaded assembly
- Completed reload, in  1.369 seconds
Domain Reload Profiling:
	ReloadAssembly (1370ms)
		BeginReloadAssembly (174ms)
			ExecutionOrderSort (0ms)
			DisableScriptedObjects (5ms)
			BackupInstance (0ms)
			ReleaseScriptingObjects (0ms)
			CreateAndSetChildDomain (48ms)
		EndReloadAssembly (1113ms)
			LoadAssemblies (157ms)
			RebuildTransferFunctionScriptingTraits (0ms)
			SetupTypeCache (452ms)
			ReleaseScriptCaches (1ms)
			RebuildScriptCaches (47ms)
			SetupLoadedEditorAssemblies (333ms)
				LogAssemblyErrors (0ms)
				InitializePlatformSupportModulesInManaged (4ms)
				SetLoadedEditorAssemblies (1ms)
				RefreshPlugins (1ms)
				BeforeProcessingInitializeOnLoad (70ms)
				ProcessInitializeOnLoadAttributes (236ms)
				ProcessInitializeOnLoadMethodAttributes (9ms)
				AfterProcessingInitializeOnLoad (11ms)
				EditorAssembliesLoaded (0ms)
			ExecutionOrderSort2 (0ms)
			AwakeInstancesAfterBackupRestoration (7ms)
Platform modules already initialized, skipping
Switching build target platform(19) subTarget(0) extendedPlatform(0) -> platform(13) subTarget(537395200) extendedPlatform(0)
Refreshing native plugins compatible for Editor in 0.60 ms, found 5 plugins.
Preloading 2 native plugins for Editor in 0.20 ms.
Unloading 1553 Unused Serialized files (Serialized files now loaded: 0)
System memory in use before: 77.6 MB.
System memory in use after: 77.1 MB.

Unloading 53 unused Assets to reduce memory usage. Loaded Objects now: 2339.
Total: 3.558800 ms (FindLiveObjects: 0.178300 ms CreateObjectMapping: 0.066800 ms MarkObjects: 2.979000 ms  DeleteObjects: 0.333500 ms)

AssetImportParameters requested are different than current active one (requested -> active):
  custom:framework-win-MediaFoundation: 216162199b28c13a410421893ffa2e32 -> 
  custom:video-decoder-ogg-theora: a1e56fd34408186e4bbccfd4996cb3dc -> 
  custom:container-muxer-webm: aa71ff27fc2769a1b78a27578f13a17b -> 
  custom:container-demuxer-webm: 4f35f7cbe854078d1ac9338744f61a02 -> 
  custom:container-demuxer-ogg: 62fdf1f143b41e24485cea50d1cbac27 -> 
  custom:video-encoder-webm-vp8: eb34c28f22e8b96e1ab97ce403110664 -> 
  custom:video-decoder-webm-vp8: 9c59270c3fd7afecdb556c50c9e8de78 -> 
  custom:graphics/normal-map-encoding: 01000000000000000000000000000000 -> 02000000000000000000000000000000
  custom:audio-decoder-ogg-vorbis: bf7c407c2cedff20999df2af8eb42d56 -> 
  custom:audio-encoder-webm-vorbis: bf7c407c2cedff20999df2af8eb42d56 -> 
========================================================================
Received Prepare
Registering precompiled user dll's ...
Registered in 0.023169 seconds.
Begin MonoManager ReloadAssembly
Native extension for WindowsStandalone target not found
Refreshing native plugins compatible for Editor in 3.86 ms, found 5 plugins.
Preloading 2 native plugins for Editor in 0.30 ms.
System.NullReferenceException: Object reference not set to an instance of an object
  at Vuforia.EditorClasses.ExtensionTypeProvider.GetVuforiaPackageAbsPath () [0x0004a] in <0213e6f0fa134fa89db6bafa02899715>:0 
  at Vuforia.EditorClasses.ExtensionTypeProvider.IsPackageManager () [0x00000] in <0213e6f0fa134fa89db6bafa02899715>:0 
  at Vuforia.EditorClasses.ExtensionTypeProvider.ResolvePluginType () [0x00009] in <0213e6f0fa134fa89db6bafa02899715>:0 
  at Vuforia.EditorClasses.ExtensionTypeProvider.GetPluginType () [0x0000c] in <0213e6f0fa134fa89db6bafa02899715>:0 
  at Vuforia.EditorClasses.VuforiaUtilities.IsVuforiaEnabledInPlayerSettings () [0x00000] in <0213e6f0fa134fa89db6bafa02899715>:0 
  at VuforiaEnabledObserver..cctor () [0x00000] in <0213e6f0fa134fa89db6bafa02899715>:0 
UnityEngine.StackTraceUtility:ExtractStackTrace ()
UnityEngine.DebugLogHandler:LogFormat (UnityEngine.LogType,UnityEngine.Object,string,object[])
UnityEngine.Logger:Log (UnityEngine.LogType,object)
UnityEngine.Debug:LogError (object)
UnityEditor.EditorAssemblies:ProcessInitializeOnLoadAttributes (System.Type[])

System.NullReferenceException: Object reference not set to an instance of an object
  at Vuforia.EditorClasses.ExtensionTypeProvider.GetVuforiaPackageAbsPath () [0x0004a] in <0213e6f0fa134fa89db6bafa02899715>:0 
  at Vuforia.EditorClasses.ExtensionTypeProvider.IsPackageManager () [0x00000] in <0213e6f0fa134fa89db6bafa02899715>:0 
  at Vuforia.EditorClasses.ExtensionTypeProvider.ResolvePluginType () [0x00009] in <0213e6f0fa134fa89db6bafa02899715>:0 
  at Vuforia.EditorClasses.ExtensionTypeProvider.GetPluginType () [0x0000c] in <0213e6f0fa134fa89db6bafa02899715>:0 
  at Vuforia.EditorClasses.VuforiaUtilities.IsVuforiaEnabledInPlayerSettings () [0x00000] in <0213e6f0fa134fa89db6bafa02899715>:0 
  at Vuforia.EditorClasses.InitializeOnLoadVuforiaTaskRunner..cctor () [0x00015] in <0213e6f0fa134fa89db6bafa02899715>:0 
UnityEngine.StackTraceUtility:ExtractStackTrace ()
UnityEngine.DebugLogHandler:LogFormat (UnityEngine.LogType,UnityEngine.Object,string,object[])
UnityEngine.Logger:Log (UnityEngine.LogType,object)
UnityEngine.Debug:LogError (object)
UnityEditor.EditorAssemblies:ProcessInitializeOnLoadAttributes (System.Type[])

Mono: successfully reloaded assembly
- Completed reload, in  1.421 seconds
Domain Reload Profiling:
	ReloadAssembly (1422ms)
		BeginReloadAssembly (161ms)
			ExecutionOrderSort (0ms)
			DisableScriptedObjects (5ms)
			BackupInstance (0ms)
			ReleaseScriptingObjects (0ms)
			CreateAndSetChildDomain (40ms)
		EndReloadAssembly (1169ms)
			LoadAssemblies (168ms)
			RebuildTransferFunctionScriptingTraits (0ms)
			SetupTypeCache (420ms)
			ReleaseScriptCaches (1ms)
			RebuildScriptCaches (54ms)
			SetupLoadedEditorAssemblies (381ms)
				LogAssemblyErrors (0ms)
				InitializePlatformSupportModulesInManaged (5ms)
				SetLoadedEditorAssemblies (1ms)
				RefreshPlugins (4ms)
				BeforeProcessingInitializeOnLoad (68ms)
				ProcessInitializeOnLoadAttributes (276ms)
				ProcessInitializeOnLoadMethodAttributes (12ms)
				AfterProcessingInitializeOnLoad (15ms)
				EditorAssembliesLoaded (0ms)
			ExecutionOrderSort2 (0ms)
			AwakeInstancesAfterBackupRestoration (9ms)
Platform modules already initialized, skipping
Switching build target platform(19) subTarget(0) extendedPlatform(0) -> platform(13) subTarget(537395200) extendedPlatform(0)
Refreshing native plugins compatible for Editor in 0.58 ms, found 5 plugins.
Preloading 2 native plugins for Editor in 0.20 ms.
Unloading 1554 Unused Serialized files (Serialized files now loaded: 0)
System memory in use before: 77.7 MB.
System memory in use after: 77.1 MB.

Unloading 53 unused Assets to reduce memory usage. Loaded Objects now: 2342.
Total: 3.998800 ms (FindLiveObjects: 0.192700 ms CreateObjectMapping: 0.071500 ms MarkObjects: 3.352700 ms  DeleteObjects: 0.379900 ms)

AssetImportParameters requested are different than current active one (requested -> active):
  custom:framework-win-MediaFoundation: 216162199b28c13a410421893ffa2e32 -> 
  custom:video-decoder-ogg-theora: a1e56fd34408186e4bbccfd4996cb3dc -> 
  custom:container-muxer-webm: aa71ff27fc2769a1b78a27578f13a17b -> 
  custom:container-demuxer-webm: 4f35f7cbe854078d1ac9338744f61a02 -> 
  custom:container-demuxer-ogg: 62fdf1f143b41e24485cea50d1cbac27 -> 
  custom:video-encoder-webm-vp8: eb34c28f22e8b96e1ab97ce403110664 -> 
  custom:video-decoder-webm-vp8: 9c59270c3fd7afecdb556c50c9e8de78 -> 
  custom:graphics/normal-map-encoding: 01000000000000000000000000000000 -> 02000000000000000000000000000000
  custom:audio-decoder-ogg-vorbis: bf7c407c2cedff20999df2af8eb42d56 -> 
  custom:audio-encoder-webm-vorbis: bf7c407c2cedff20999df2af8eb42d56 -> 
========================================================================
Received Import Request.
  Time since last request: 198.576154 seconds.
  path: Assets/Script/Nuage.cs
  artifactKey: Guid(7579aea2aa56b214c9a413bebdacf2a9) Importer(815301076,1909f56bfc062723c751e8b465ee728b)
Start importing Assets/Script/Nuage.cs using Guid(7579aea2aa56b214c9a413bebdacf2a9) Importer(815301076,1909f56bfc062723c751e8b465ee728b)  -> (artifact id: '18919f2ba3519e0c10f009b68732d566') in 0.140109 seconds 
  Import took 0.144360 seconds .

========================================================================
Received Prepare
Registering precompiled user dll's ...
Registered in 0.027420 seconds.
Begin MonoManager ReloadAssembly
Native extension for WindowsStandalone target not found
Refreshing native plugins compatible for Editor in 0.67 ms, found 5 plugins.
Preloading 2 native plugins for Editor in 0.25 ms.
System.NullReferenceException: Object reference not set to an instance of an object
  at Vuforia.EditorClasses.ExtensionTypeProvider.GetVuforiaPackageAbsPath () [0x0004a] in <0213e6f0fa134fa89db6bafa02899715>:0 
  at Vuforia.EditorClasses.ExtensionTypeProvider.IsPackageManager () [0x00000] in <0213e6f0fa134fa89db6bafa02899715>:0 
  at Vuforia.EditorClasses.ExtensionTypeProvider.ResolvePluginType () [0x00009] in <0213e6f0fa134fa89db6bafa02899715>:0 
  at Vuforia.EditorClasses.ExtensionTypeProvider.GetPluginType () [0x0000c] in <0213e6f0fa134fa89db6bafa02899715>:0 
  at Vuforia.EditorClasses.VuforiaUtilities.IsVuforiaEnabledInPlayerSettings () [0x00000] in <0213e6f0fa134fa89db6bafa02899715>:0 
  at VuforiaEnabledObserver..cctor () [0x00000] in <0213e6f0fa134fa89db6bafa02899715>:0 
UnityEngine.StackTraceUtility:ExtractStackTrace ()
UnityEngine.DebugLogHandler:LogFormat (UnityEngine.LogType,UnityEngine.Object,string,object[])
UnityEngine.Logger:Log (UnityEngine.LogType,object)
UnityEngine.Debug:LogError (object)
UnityEditor.EditorAssemblies:ProcessInitializeOnLoadAttributes (System.Type[])

System.NullReferenceException: Object reference not set to an instance of an object
  at Vuforia.EditorClasses.ExtensionTypeProvider.GetVuforiaPackageAbsPath () [0x0004a] in <0213e6f0fa134fa89db6bafa02899715>:0 
  at Vuforia.EditorClasses.ExtensionTypeProvider.IsPackageManager () [0x00000] in <0213e6f0fa134fa89db6bafa02899715>:0 
  at Vuforia.EditorClasses.ExtensionTypeProvider.ResolvePluginType () [0x00009] in <0213e6f0fa134fa89db6bafa02899715>:0 
  at Vuforia.EditorClasses.ExtensionTypeProvider.GetPluginType () [0x0000c] in <0213e6f0fa134fa89db6bafa02899715>:0 
  at Vuforia.EditorClasses.VuforiaUtilities.IsVuforiaEnabledInPlayerSettings () [0x00000] in <0213e6f0fa134fa89db6bafa02899715>:0 
  at Vuforia.EditorClasses.InitializeOnLoadVuforiaTaskRunner..cctor () [0x00015] in <0213e6f0fa134fa89db6bafa02899715>:0 
UnityEngine.StackTraceUtility:ExtractStackTrace ()
UnityEngine.DebugLogHandler:LogFormat (UnityEngine.LogType,UnityEngine.Object,string,object[])
UnityEngine.Logger:Log (UnityEngine.LogType,object)
UnityEngine.Debug:LogError (object)
UnityEditor.EditorAssemblies:ProcessInitializeOnLoadAttributes (System.Type[])

Mono: successfully reloaded assembly
- Completed reload, in  1.467 seconds
Domain Reload Profiling:
	ReloadAssembly (1467ms)
		BeginReloadAssembly (169ms)
			ExecutionOrderSort (0ms)
			DisableScriptedObjects (7ms)
			BackupInstance (0ms)
			ReleaseScriptingObjects (0ms)
			CreateAndSetChildDomain (42ms)
		EndReloadAssembly (1214ms)
			LoadAssemblies (149ms)
			RebuildTransferFunctionScriptingTraits (0ms)
			SetupTypeCache (397ms)
			ReleaseScriptCaches (1ms)
			RebuildScriptCaches (52ms)
			SetupLoadedEditorAssemblies (434ms)
				LogAssemblyErrors (0ms)
				InitializePlatformSupportModulesInManaged (5ms)
				SetLoadedEditorAssemblies (1ms)
				RefreshPlugins (1ms)
				BeforeProcessingInitializeOnLoad (83ms)
				ProcessInitializeOnLoadAttributes (312ms)
				ProcessInitializeOnLoadMethodAttributes (16ms)
				AfterProcessingInitializeOnLoad (16ms)
				EditorAssembliesLoaded (0ms)
			ExecutionOrderSort2 (0ms)
			AwakeInstancesAfterBackupRestoration (10ms)
Platform modules already initialized, skipping
Switching build target platform(19) subTarget(0) extendedPlatform(0) -> platform(13) subTarget(537395200) extendedPlatform(0)
Refreshing native plugins compatible for Editor in 0.69 ms, found 5 plugins.
Preloading 2 native plugins for Editor in 0.33 ms.
Unloading 1554 Unused Serialized files (Serialized files now loaded: 0)
System memory in use before: 77.7 MB.
System memory in use after: 77.2 MB.

Unloading 53 unused Assets to reduce memory usage. Loaded Objects now: 2344.
Total: 4.257100 ms (FindLiveObjects: 0.223500 ms CreateObjectMapping: 0.083700 ms MarkObjects: 3.526600 ms  DeleteObjects: 0.421900 ms)

AssetImportParameters requested are different than current active one (requested -> active):
  custom:framework-win-MediaFoundation: 216162199b28c13a410421893ffa2e32 -> 
  custom:video-decoder-ogg-theora: a1e56fd34408186e4bbccfd4996cb3dc -> 
  custom:container-muxer-webm: aa71ff27fc2769a1b78a27578f13a17b -> 
  custom:container-demuxer-webm: 4f35f7cbe854078d1ac9338744f61a02 -> 
  custom:container-demuxer-ogg: 62fdf1f143b41e24485cea50d1cbac27 -> 
  custom:video-encoder-webm-vp8: eb34c28f22e8b96e1ab97ce403110664 -> 
  custom:video-decoder-webm-vp8: 9c59270c3fd7afecdb556c50c9e8de78 -> 
  custom:graphics/normal-map-encoding: 01000000000000000000000000000000 -> 02000000000000000000000000000000
  custom:audio-decoder-ogg-vorbis: bf7c407c2cedff20999df2af8eb42d56 -> 
  custom:audio-encoder-webm-vorbis: bf7c407c2cedff20999df2af8eb42d56 -> 
========================================================================
Received Import Request.
  Time since last request: 228.280417 seconds.
  path: Assets/Script/Nuage.cs
  artifactKey: Guid(7579aea2aa56b214c9a413bebdacf2a9) Importer(815301076,1909f56bfc062723c751e8b465ee728b)
Start importing Assets/Script/Nuage.cs using Guid(7579aea2aa56b214c9a413bebdacf2a9) Importer(815301076,1909f56bfc062723c751e8b465ee728b)  -> (artifact id: 'c21e96f5a489ef8c4fee6aa682c2f7bb') in 0.014779 seconds 
  Import took 0.021452 seconds .

========================================================================
Received Prepare
Registering precompiled user dll's ...
Registered in 0.023089 seconds.
Begin MonoManager ReloadAssembly
Native extension for WindowsStandalone target not found
Refreshing native plugins compatible for Editor in 0.56 ms, found 5 plugins.
Preloading 2 native plugins for Editor in 0.19 ms.
System.NullReferenceException: Object reference not set to an instance of an object
  at Vuforia.EditorClasses.ExtensionTypeProvider.GetVuforiaPackageAbsPath () [0x0004a] in <0213e6f0fa134fa89db6bafa02899715>:0 
  at Vuforia.EditorClasses.ExtensionTypeProvider.IsPackageManager () [0x00000] in <0213e6f0fa134fa89db6bafa02899715>:0 
  at Vuforia.EditorClasses.ExtensionTypeProvider.ResolvePluginType () [0x00009] in <0213e6f0fa134fa89db6bafa02899715>:0 
  at Vuforia.EditorClasses.ExtensionTypeProvider.GetPluginType () [0x0000c] in <0213e6f0fa134fa89db6bafa02899715>:0 
  at Vuforia.EditorClasses.VuforiaUtilities.IsVuforiaEnabledInPlayerSettings () [0x00000] in <0213e6f0fa134fa89db6bafa02899715>:0 
  at VuforiaEnabledObserver..cctor () [0x00000] in <0213e6f0fa134fa89db6bafa02899715>:0 
UnityEngine.StackTraceUtility:ExtractStackTrace ()
UnityEngine.DebugLogHandler:LogFormat (UnityEngine.LogType,UnityEngine.Object,string,object[])
UnityEngine.Logger:Log (UnityEngine.LogType,object)
UnityEngine.Debug:LogError (object)
UnityEditor.EditorAssemblies:ProcessInitializeOnLoadAttributes (System.Type[])

System.NullReferenceException: Object reference not set to an instance of an object
  at Vuforia.EditorClasses.ExtensionTypeProvider.GetVuforiaPackageAbsPath () [0x0004a] in <0213e6f0fa134fa89db6bafa02899715>:0 
  at Vuforia.EditorClasses.ExtensionTypeProvider.IsPackageManager () [0x00000] in <0213e6f0fa134fa89db6bafa02899715>:0 
  at Vuforia.EditorClasses.ExtensionTypeProvider.ResolvePluginType () [0x00009] in <0213e6f0fa134fa89db6bafa02899715>:0 
  at Vuforia.EditorClasses.ExtensionTypeProvider.GetPluginType () [0x0000c] in <0213e6f0fa134fa89db6bafa02899715>:0 
  at Vuforia.EditorClasses.VuforiaUtilities.IsVuforiaEnabledInPlayerSettings () [0x00000] in <0213e6f0fa134fa89db6bafa02899715>:0 
  at Vuforia.EditorClasses.InitializeOnLoadVuforiaTaskRunner..cctor () [0x00015] in <0213e6f0fa134fa89db6bafa02899715>:0 
UnityEngine.StackTraceUtility:ExtractStackTrace ()
UnityEngine.DebugLogHandler:LogFormat (UnityEngine.LogType,UnityEngine.Object,string,object[])
UnityEngine.Logger:Log (UnityEngine.LogType,object)
UnityEngine.Debug:LogError (object)
UnityEditor.EditorAssemblies:ProcessInitializeOnLoadAttributes (System.Type[])

Mono: successfully reloaded assembly
- Completed reload, in  1.281 seconds
Domain Reload Profiling:
	ReloadAssembly (1282ms)
		BeginReloadAssembly (162ms)
			ExecutionOrderSort (0ms)
			DisableScriptedObjects (5ms)
			BackupInstance (0ms)
			ReleaseScriptingObjects (0ms)
			CreateAndSetChildDomain (43ms)
		EndReloadAssembly (1036ms)
			LoadAssemblies (143ms)
			RebuildTransferFunctionScriptingTraits (0ms)
			SetupTypeCache (387ms)
			ReleaseScriptCaches (1ms)
			RebuildScriptCaches (44ms)
			SetupLoadedEditorAssemblies (312ms)
				LogAssemblyErrors (0ms)
				InitializePlatformSupportModulesInManaged (5ms)
				SetLoadedEditorAssemblies (1ms)
				RefreshPlugins (1ms)
				BeforeProcessingInitializeOnLoad (62ms)
				ProcessInitializeOnLoadAttributes (221ms)
				ProcessInitializeOnLoadMethodAttributes (10ms)
				AfterProcessingInitializeOnLoad (12ms)
				EditorAssembliesLoaded (0ms)
			ExecutionOrderSort2 (0ms)
			AwakeInstancesAfterBackupRestoration (8ms)
Platform modules already initialized, skipping
Switching build target platform(19) subTarget(0) extendedPlatform(0) -> platform(13) subTarget(537395200) extendedPlatform(0)
Refreshing native plugins compatible for Editor in 0.58 ms, found 5 plugins.
Preloading 2 native plugins for Editor in 0.21 ms.
Unloading 1554 Unused Serialized files (Serialized files now loaded: 0)
System memory in use before: 77.8 MB.
System memory in use after: 77.3 MB.

Unloading 53 unused Assets to reduce memory usage. Loaded Objects now: 2346.
Total: 3.547600 ms (FindLiveObjects: 0.194800 ms CreateObjectMapping: 0.066500 ms MarkObjects: 2.909100 ms  DeleteObjects: 0.375500 ms)

AssetImportParameters requested are different than current active one (requested -> active):
  custom:framework-win-MediaFoundation: 216162199b28c13a410421893ffa2e32 -> 
  custom:video-decoder-ogg-theora: a1e56fd34408186e4bbccfd4996cb3dc -> 
  custom:container-muxer-webm: aa71ff27fc2769a1b78a27578f13a17b -> 
  custom:container-demuxer-webm: 4f35f7cbe854078d1ac9338744f61a02 -> 
  custom:container-demuxer-ogg: 62fdf1f143b41e24485cea50d1cbac27 -> 
  custom:video-encoder-webm-vp8: eb34c28f22e8b96e1ab97ce403110664 -> 
  custom:video-decoder-webm-vp8: 9c59270c3fd7afecdb556c50c9e8de78 -> 
  custom:graphics/normal-map-encoding: 01000000000000000000000000000000 -> 02000000000000000000000000000000
  custom:audio-decoder-ogg-vorbis: bf7c407c2cedff20999df2af8eb42d56 -> 
  custom:audio-encoder-webm-vorbis: bf7c407c2cedff20999df2af8eb42d56 -> 
========================================================================
Received Import Request.
  Time since last request: 97.123829 seconds.
  path: Assets/Script/Nuage.cs
  artifactKey: Guid(7579aea2aa56b214c9a413bebdacf2a9) Importer(815301076,1909f56bfc062723c751e8b465ee728b)
Start importing Assets/Script/Nuage.cs using Guid(7579aea2aa56b214c9a413bebdacf2a9) Importer(815301076,1909f56bfc062723c751e8b465ee728b)  -> (artifact id: 'ce6c2bda3a0e2d406afcc7c83ed67629') in 0.007106 seconds 
  Import took 0.010568 seconds .

========================================================================
Received Prepare
Registering precompiled user dll's ...
Registered in 0.022142 seconds.
Begin MonoManager ReloadAssembly
Native extension for WindowsStandalone target not found
Refreshing native plugins compatible for Editor in 0.53 ms, found 5 plugins.
Preloading 2 native plugins for Editor in 0.18 ms.
System.NullReferenceException: Object reference not set to an instance of an object
  at Vuforia.EditorClasses.ExtensionTypeProvider.GetVuforiaPackageAbsPath () [0x0004a] in <0213e6f0fa134fa89db6bafa02899715>:0 
  at Vuforia.EditorClasses.ExtensionTypeProvider.IsPackageManager () [0x00000] in <0213e6f0fa134fa89db6bafa02899715>:0 
  at Vuforia.EditorClasses.ExtensionTypeProvider.ResolvePluginType () [0x00009] in <0213e6f0fa134fa89db6bafa02899715>:0 
  at Vuforia.EditorClasses.ExtensionTypeProvider.GetPluginType () [0x0000c] in <0213e6f0fa134fa89db6bafa02899715>:0 
  at Vuforia.EditorClasses.VuforiaUtilities.IsVuforiaEnabledInPlayerSettings () [0x00000] in <0213e6f0fa134fa89db6bafa02899715>:0 
  at VuforiaEnabledObserver..cctor () [0x00000] in <0213e6f0fa134fa89db6bafa02899715>:0 
UnityEngine.StackTraceUtility:ExtractStackTrace ()
UnityEngine.DebugLogHandler:LogFormat (UnityEngine.LogType,UnityEngine.Object,string,object[])
UnityEngine.Logger:Log (UnityEngine.LogType,object)
UnityEngine.Debug:LogError (object)
UnityEditor.EditorAssemblies:ProcessInitializeOnLoadAttributes (System.Type[])

System.NullReferenceException: Object reference not set to an instance of an object
  at Vuforia.EditorClasses.ExtensionTypeProvider.GetVuforiaPackageAbsPath () [0x0004a] in <0213e6f0fa134fa89db6bafa02899715>:0 
  at Vuforia.EditorClasses.ExtensionTypeProvider.IsPackageManager () [0x00000] in <0213e6f0fa134fa89db6bafa02899715>:0 
  at Vuforia.EditorClasses.ExtensionTypeProvider.ResolvePluginType () [0x00009] in <0213e6f0fa134fa89db6bafa02899715>:0 
  at Vuforia.EditorClasses.ExtensionTypeProvider.GetPluginType () [0x0000c] in <0213e6f0fa134fa89db6bafa02899715>:0 
  at Vuforia.EditorClasses.VuforiaUtilities.IsVuforiaEnabledInPlayerSettings () [0x00000] in <0213e6f0fa134fa89db6bafa02899715>:0 
  at Vuforia.EditorClasses.InitializeOnLoadVuforiaTaskRunner..cctor () [0x00015] in <0213e6f0fa134fa89db6bafa02899715>:0 
UnityEngine.StackTraceUtility:ExtractStackTrace ()
UnityEngine.DebugLogHandler:LogFormat (UnityEngine.LogType,UnityEngine.Object,string,object[])
UnityEngine.Logger:Log (UnityEngine.LogType,object)
UnityEngine.Debug:LogError (object)
UnityEditor.EditorAssemblies:ProcessInitializeOnLoadAttributes (System.Type[])

Mono: successfully reloaded assembly
- Completed reload, in  1.342 seconds
Domain Reload Profiling:
	ReloadAssembly (1343ms)
		BeginReloadAssembly (168ms)
			ExecutionOrderSort (0ms)
			DisableScriptedObjects (6ms)
			BackupInstance (0ms)
			ReleaseScriptingObjects (0ms)
			CreateAndSetChildDomain (42ms)
		EndReloadAssembly (1089ms)
			LoadAssemblies (145ms)
			RebuildTransferFunctionScriptingTraits (0ms)
			SetupTypeCache (421ms)
			ReleaseScriptCaches (1ms)
			RebuildScriptCaches (50ms)
			SetupLoadedEditorAssemblies (324ms)
				LogAssemblyErrors (0ms)
				InitializePlatformSupportModulesInManaged (4ms)
				SetLoadedEditorAssemblies (1ms)
				RefreshPlugins (1ms)
				BeforeProcessingInitializeOnLoad (63ms)
				ProcessInitializeOnLoadAttributes (233ms)
				ProcessInitializeOnLoadMethodAttributes (10ms)
				AfterProcessingInitializeOnLoad (12ms)
				EditorAssembliesLoaded (0ms)
			ExecutionOrderSort2 (0ms)
			AwakeInstancesAfterBackupRestoration (7ms)
Platform modules already initialized, skipping
Switching build target platform(19) subTarget(0) extendedPlatform(0) -> platform(13) subTarget(537395200) extendedPlatform(0)
Refreshing native plugins compatible for Editor in 0.53 ms, found 5 plugins.
Preloading 2 native plugins for Editor in 0.20 ms.
Unloading 1554 Unused Serialized files (Serialized files now loaded: 0)
System memory in use before: 77.8 MB.
System memory in use after: 77.3 MB.

Unloading 53 unused Assets to reduce memory usage. Loaded Objects now: 2348.
Total: 3.347800 ms (FindLiveObjects: 0.176400 ms CreateObjectMapping: 0.064000 ms MarkObjects: 2.723400 ms  DeleteObjects: 0.382500 ms)

AssetImportParameters requested are different than current active one (requested -> active):
  custom:framework-win-MediaFoundation: 216162199b28c13a410421893ffa2e32 -> 
  custom:video-decoder-ogg-theora: a1e56fd34408186e4bbccfd4996cb3dc -> 
  custom:container-muxer-webm: aa71ff27fc2769a1b78a27578f13a17b -> 
  custom:container-demuxer-webm: 4f35f7cbe854078d1ac9338744f61a02 -> 
  custom:container-demuxer-ogg: 62fdf1f143b41e24485cea50d1cbac27 -> 
  custom:video-encoder-webm-vp8: eb34c28f22e8b96e1ab97ce403110664 -> 
  custom:video-decoder-webm-vp8: 9c59270c3fd7afecdb556c50c9e8de78 -> 
  custom:graphics/normal-map-encoding: 01000000000000000000000000000000 -> 02000000000000000000000000000000
  custom:audio-decoder-ogg-vorbis: bf7c407c2cedff20999df2af8eb42d56 -> 
  custom:audio-encoder-webm-vorbis: bf7c407c2cedff20999df2af8eb42d56 -> 
========================================================================
Received Prepare
Registering precompiled user dll's ...
Registered in 0.023939 seconds.
Begin MonoManager ReloadAssembly
Native extension for WindowsStandalone target not found
Refreshing native plugins compatible for Editor in 0.52 ms, found 5 plugins.
Preloading 2 native plugins for Editor in 0.19 ms.
System.NullReferenceException: Object reference not set to an instance of an object
  at Vuforia.EditorClasses.ExtensionTypeProvider.GetVuforiaPackageAbsPath () [0x0004a] in <0213e6f0fa134fa89db6bafa02899715>:0 
  at Vuforia.EditorClasses.ExtensionTypeProvider.IsPackageManager () [0x00000] in <0213e6f0fa134fa89db6bafa02899715>:0 
  at Vuforia.EditorClasses.ExtensionTypeProvider.ResolvePluginType () [0x00009] in <0213e6f0fa134fa89db6bafa02899715>:0 
  at Vuforia.EditorClasses.ExtensionTypeProvider.GetPluginType () [0x0000c] in <0213e6f0fa134fa89db6bafa02899715>:0 
  at Vuforia.EditorClasses.VuforiaUtilities.IsVuforiaEnabledInPlayerSettings () [0x00000] in <0213e6f0fa134fa89db6bafa02899715>:0 
  at VuforiaEnabledObserver..cctor () [0x00000] in <0213e6f0fa134fa89db6bafa02899715>:0 
UnityEngine.StackTraceUtility:ExtractStackTrace ()
UnityEngine.DebugLogHandler:LogFormat (UnityEngine.LogType,UnityEngine.Object,string,object[])
UnityEngine.Logger:Log (UnityEngine.LogType,object)
UnityEngine.Debug:LogError (object)
UnityEditor.EditorAssemblies:ProcessInitializeOnLoadAttributes (System.Type[])

System.NullReferenceException: Object reference not set to an instance of an object
  at Vuforia.EditorClasses.ExtensionTypeProvider.GetVuforiaPackageAbsPath () [0x0004a] in <0213e6f0fa134fa89db6bafa02899715>:0 
  at Vuforia.EditorClasses.ExtensionTypeProvider.IsPackageManager () [0x00000] in <0213e6f0fa134fa89db6bafa02899715>:0 
  at Vuforia.EditorClasses.ExtensionTypeProvider.ResolvePluginType () [0x00009] in <0213e6f0fa134fa89db6bafa02899715>:0 
  at Vuforia.EditorClasses.ExtensionTypeProvider.GetPluginType () [0x0000c] in <0213e6f0fa134fa89db6bafa02899715>:0 
  at Vuforia.EditorClasses.VuforiaUtilities.IsVuforiaEnabledInPlayerSettings () [0x00000] in <0213e6f0fa134fa89db6bafa02899715>:0 
  at Vuforia.EditorClasses.InitializeOnLoadVuforiaTaskRunner..cctor () [0x00015] in <0213e6f0fa134fa89db6bafa02899715>:0 
UnityEngine.StackTraceUtility:ExtractStackTrace ()
UnityEngine.DebugLogHandler:LogFormat (UnityEngine.LogType,UnityEngine.Object,string,object[])
UnityEngine.Logger:Log (UnityEngine.LogType,object)
UnityEngine.Debug:LogError (object)
UnityEditor.EditorAssemblies:ProcessInitializeOnLoadAttributes (System.Type[])

Mono: successfully reloaded assembly
- Completed reload, in  1.408 seconds
Domain Reload Profiling:
	ReloadAssembly (1409ms)
		BeginReloadAssembly (154ms)
			ExecutionOrderSort (0ms)
			DisableScriptedObjects (6ms)
			BackupInstance (0ms)
			ReleaseScriptingObjects (0ms)
			CreateAndSetChildDomain (39ms)
		EndReloadAssembly (1172ms)
			LoadAssemblies (154ms)
			RebuildTransferFunctionScriptingTraits (0ms)
			SetupTypeCache (455ms)
			ReleaseScriptCaches (1ms)
			RebuildScriptCaches (45ms)
			SetupLoadedEditorAssemblies (347ms)
				LogAssemblyErrors (0ms)
				InitializePlatformSupportModulesInManaged (4ms)
				SetLoadedEditorAssemblies (1ms)
				RefreshPlugins (1ms)
				BeforeProcessingInitializeOnLoad (64ms)
				ProcessInitializeOnLoadAttributes (253ms)
				ProcessInitializeOnLoadMethodAttributes (11ms)
				AfterProcessingInitializeOnLoad (13ms)
				EditorAssembliesLoaded (0ms)
			ExecutionOrderSort2 (0ms)
			AwakeInstancesAfterBackupRestoration (8ms)
Platform modules already initialized, skipping
Switching build target platform(19) subTarget(0) extendedPlatform(0) -> platform(13) subTarget(537395200) extendedPlatform(0)
Refreshing native plugins compatible for Editor in 0.57 ms, found 5 plugins.
Preloading 2 native plugins for Editor in 0.21 ms.
Unloading 1554 Unused Serialized files (Serialized files now loaded: 0)
System memory in use before: 77.9 MB.
System memory in use after: 77.3 MB.

Unloading 53 unused Assets to reduce memory usage. Loaded Objects now: 2350.
Total: 3.727500 ms (FindLiveObjects: 0.176900 ms CreateObjectMapping: 0.063500 ms MarkObjects: 3.114600 ms  DeleteObjects: 0.371500 ms)

AssetImportParameters requested are different than current active one (requested -> active):
  custom:framework-win-MediaFoundation: 216162199b28c13a410421893ffa2e32 -> 
  custom:video-decoder-ogg-theora: a1e56fd34408186e4bbccfd4996cb3dc -> 
  custom:container-muxer-webm: aa71ff27fc2769a1b78a27578f13a17b -> 
  custom:container-demuxer-webm: 4f35f7cbe854078d1ac9338744f61a02 -> 
  custom:container-demuxer-ogg: 62fdf1f143b41e24485cea50d1cbac27 -> 
  custom:video-encoder-webm-vp8: eb34c28f22e8b96e1ab97ce403110664 -> 
  custom:video-decoder-webm-vp8: 9c59270c3fd7afecdb556c50c9e8de78 -> 
  custom:graphics/normal-map-encoding: 01000000000000000000000000000000 -> 02000000000000000000000000000000
  custom:audio-decoder-ogg-vorbis: bf7c407c2cedff20999df2af8eb42d56 -> 
  custom:audio-encoder-webm-vorbis: bf7c407c2cedff20999df2af8eb42d56 -> 
========================================================================
Received Prepare
Registering precompiled user dll's ...
Registered in 0.024311 seconds.
Begin MonoManager ReloadAssembly
Native extension for WindowsStandalone target not found
Refreshing native plugins compatible for Editor in 0.69 ms, found 5 plugins.
Preloading 2 native plugins for Editor in 0.18 ms.
System.NullReferenceException: Object reference not set to an instance of an object
  at Vuforia.EditorClasses.ExtensionTypeProvider.GetVuforiaPackageAbsPath () [0x0004a] in <0213e6f0fa134fa89db6bafa02899715>:0 
  at Vuforia.EditorClasses.ExtensionTypeProvider.IsPackageManager () [0x00000] in <0213e6f0fa134fa89db6bafa02899715>:0 
  at Vuforia.EditorClasses.ExtensionTypeProvider.ResolvePluginType () [0x00009] in <0213e6f0fa134fa89db6bafa02899715>:0 
  at Vuforia.EditorClasses.ExtensionTypeProvider.GetPluginType () [0x0000c] in <0213e6f0fa134fa89db6bafa02899715>:0 
  at Vuforia.EditorClasses.VuforiaUtilities.IsVuforiaEnabledInPlayerSettings () [0x00000] in <0213e6f0fa134fa89db6bafa02899715>:0 
  at VuforiaEnabledObserver..cctor () [0x00000] in <0213e6f0fa134fa89db6bafa02899715>:0 
UnityEngine.StackTraceUtility:ExtractStackTrace ()
UnityEngine.DebugLogHandler:LogFormat (UnityEngine.LogType,UnityEngine.Object,string,object[])
UnityEngine.Logger:Log (UnityEngine.LogType,object)
UnityEngine.Debug:LogError (object)
UnityEditor.EditorAssemblies:ProcessInitializeOnLoadAttributes (System.Type[])

System.NullReferenceException: Object reference not set to an instance of an object
  at Vuforia.EditorClasses.ExtensionTypeProvider.GetVuforiaPackageAbsPath () [0x0004a] in <0213e6f0fa134fa89db6bafa02899715>:0 
  at Vuforia.EditorClasses.ExtensionTypeProvider.IsPackageManager () [0x00000] in <0213e6f0fa134fa89db6bafa02899715>:0 
  at Vuforia.EditorClasses.ExtensionTypeProvider.ResolvePluginType () [0x00009] in <0213e6f0fa134fa89db6bafa02899715>:0 
  at Vuforia.EditorClasses.ExtensionTypeProvider.GetPluginType () [0x0000c] in <0213e6f0fa134fa89db6bafa02899715>:0 
  at Vuforia.EditorClasses.VuforiaUtilities.IsVuforiaEnabledInPlayerSettings () [0x00000] in <0213e6f0fa134fa89db6bafa02899715>:0 
  at Vuforia.EditorClasses.InitializeOnLoadVuforiaTaskRunner..cctor () [0x00015] in <0213e6f0fa134fa89db6bafa02899715>:0 
UnityEngine.StackTraceUtility:ExtractStackTrace ()
UnityEngine.DebugLogHandler:LogFormat (UnityEngine.LogType,UnityEngine.Object,string,object[])
UnityEngine.Logger:Log (UnityEngine.LogType,object)
UnityEngine.Debug:LogError (object)
UnityEditor.EditorAssemblies:ProcessInitializeOnLoadAttributes (System.Type[])

Mono: successfully reloaded assembly
- Completed reload, in  1.396 seconds
Domain Reload Profiling:
	ReloadAssembly (1397ms)
		BeginReloadAssembly (155ms)
			ExecutionOrderSort (0ms)
			DisableScriptedObjects (5ms)
			BackupInstance (0ms)
			ReleaseScriptingObjects (0ms)
			CreateAndSetChildDomain (42ms)
		EndReloadAssembly (1150ms)
			LoadAssemblies (138ms)
			RebuildTransferFunctionScriptingTraits (0ms)
			SetupTypeCache (431ms)
			ReleaseScriptCaches (1ms)
			RebuildScriptCaches (41ms)
			SetupLoadedEditorAssemblies (356ms)
				LogAssemblyErrors (0ms)
				InitializePlatformSupportModulesInManaged (4ms)
				SetLoadedEditorAssemblies (0ms)
				RefreshPlugins (1ms)
				BeforeProcessingInitializeOnLoad (61ms)
				ProcessInitializeOnLoadAttributes (262ms)
				ProcessInitializeOnLoadMethodAttributes (12ms)
				AfterProcessingInitializeOnLoad (15ms)
				EditorAssembliesLoaded (0ms)
			ExecutionOrderSort2 (0ms)
			AwakeInstancesAfterBackupRestoration (9ms)
Platform modules already initialized, skipping
Switching build target platform(19) subTarget(0) extendedPlatform(0) -> platform(13) subTarget(537395200) extendedPlatform(0)
Refreshing native plugins compatible for Editor in 0.54 ms, found 5 plugins.
Preloading 2 native plugins for Editor in 0.20 ms.
Unloading 1554 Unused Serialized files (Serialized files now loaded: 0)
System memory in use before: 77.9 MB.
System memory in use after: 77.3 MB.

Unloading 53 unused Assets to reduce memory usage. Loaded Objects now: 2352.
Total: 3.628700 ms (FindLiveObjects: 0.198300 ms CreateObjectMapping: 0.066600 ms MarkObjects: 2.985100 ms  DeleteObjects: 0.376900 ms)

AssetImportParameters requested are different than current active one (requested -> active):
  custom:framework-win-MediaFoundation: 216162199b28c13a410421893ffa2e32 -> 
  custom:video-decoder-ogg-theora: a1e56fd34408186e4bbccfd4996cb3dc -> 
  custom:container-muxer-webm: aa71ff27fc2769a1b78a27578f13a17b -> 
  custom:container-demuxer-webm: 4f35f7cbe854078d1ac9338744f61a02 -> 
  custom:container-demuxer-ogg: 62fdf1f143b41e24485cea50d1cbac27 -> 
  custom:video-encoder-webm-vp8: eb34c28f22e8b96e1ab97ce403110664 -> 
  custom:video-decoder-webm-vp8: 9c59270c3fd7afecdb556c50c9e8de78 -> 
  custom:graphics/normal-map-encoding: 01000000000000000000000000000000 -> 02000000000000000000000000000000
  custom:audio-decoder-ogg-vorbis: bf7c407c2cedff20999df2af8eb42d56 -> 
  custom:audio-encoder-webm-vorbis: bf7c407c2cedff20999df2af8eb42d56 -> 
========================================================================
Received Prepare
Registering precompiled user dll's ...
Registered in 0.031613 seconds.
Begin MonoManager ReloadAssembly
Native extension for WindowsStandalone target not found
Refreshing native plugins compatible for Editor in 0.55 ms, found 5 plugins.
Preloading 2 native plugins for Editor in 0.20 ms.
System.NullReferenceException: Object reference not set to an instance of an object
  at Vuforia.EditorClasses.ExtensionTypeProvider.GetVuforiaPackageAbsPath () [0x0004a] in <0213e6f0fa134fa89db6bafa02899715>:0 
  at Vuforia.EditorClasses.ExtensionTypeProvider.IsPackageManager () [0x00000] in <0213e6f0fa134fa89db6bafa02899715>:0 
  at Vuforia.EditorClasses.ExtensionTypeProvider.ResolvePluginType () [0x00009] in <0213e6f0fa134fa89db6bafa02899715>:0 
  at Vuforia.EditorClasses.ExtensionTypeProvider.GetPluginType () [0x0000c] in <0213e6f0fa134fa89db6bafa02899715>:0 
  at Vuforia.EditorClasses.VuforiaUtilities.IsVuforiaEnabledInPlayerSettings () [0x00000] in <0213e6f0fa134fa89db6bafa02899715>:0 
  at VuforiaEnabledObserver..cctor () [0x00000] in <0213e6f0fa134fa89db6bafa02899715>:0 
UnityEngine.StackTraceUtility:ExtractStackTrace ()
UnityEngine.DebugLogHandler:LogFormat (UnityEngine.LogType,UnityEngine.Object,string,object[])
UnityEngine.Logger:Log (UnityEngine.LogType,object)
UnityEngine.Debug:LogError (object)
UnityEditor.EditorAssemblies:ProcessInitializeOnLoadAttributes (System.Type[])

System.NullReferenceException: Object reference not set to an instance of an object
  at Vuforia.EditorClasses.ExtensionTypeProvider.GetVuforiaPackageAbsPath () [0x0004a] in <0213e6f0fa134fa89db6bafa02899715>:0 
  at Vuforia.EditorClasses.ExtensionTypeProvider.IsPackageManager () [0x00000] in <0213e6f0fa134fa89db6bafa02899715>:0 
  at Vuforia.EditorClasses.ExtensionTypeProvider.ResolvePluginType () [0x00009] in <0213e6f0fa134fa89db6bafa02899715>:0 
  at Vuforia.EditorClasses.ExtensionTypeProvider.GetPluginType () [0x0000c] in <0213e6f0fa134fa89db6bafa02899715>:0 
  at Vuforia.EditorClasses.VuforiaUtilities.IsVuforiaEnabledInPlayerSettings () [0x00000] in <0213e6f0fa134fa89db6bafa02899715>:0 
  at Vuforia.EditorClasses.InitializeOnLoadVuforiaTaskRunner..cctor () [0x00015] in <0213e6f0fa134fa89db6bafa02899715>:0 
UnityEngine.StackTraceUtility:ExtractStackTrace ()
UnityEngine.DebugLogHandler:LogFormat (UnityEngine.LogType,UnityEngine.Object,string,object[])
UnityEngine.Logger:Log (UnityEngine.LogType,object)
UnityEngine.Debug:LogError (object)
UnityEditor.EditorAssemblies:ProcessInitializeOnLoadAttributes (System.Type[])

Mono: successfully reloaded assembly
- Completed reload, in  1.350 seconds
Domain Reload Profiling:
	ReloadAssembly (1350ms)
		BeginReloadAssembly (160ms)
			ExecutionOrderSort (0ms)
			DisableScriptedObjects (6ms)
			BackupInstance (0ms)
			ReleaseScriptingObjects (0ms)
			CreateAndSetChildDomain (39ms)
		EndReloadAssembly (1113ms)
			LoadAssemblies (157ms)
			RebuildTransferFunctionScriptingTraits (0ms)
			SetupTypeCache (385ms)
			ReleaseScriptCaches (1ms)
			RebuildScriptCaches (45ms)
			SetupLoadedEditorAssemblies (329ms)
				LogAssemblyErrors (0ms)
				InitializePlatformSupportModulesInManaged (4ms)
				SetLoadedEditorAssemblies (1ms)
				RefreshPlugins (1ms)
				BeforeProcessingInitializeOnLoad (68ms)
				ProcessInitializeOnLoadAttributes (233ms)
				ProcessInitializeOnLoadMethodAttributes (10ms)
				AfterProcessingInitializeOnLoad (12ms)
				EditorAssembliesLoaded (0ms)
			ExecutionOrderSort2 (0ms)
			AwakeInstancesAfterBackupRestoration (7ms)
Platform modules already initialized, skipping
Switching build target platform(19) subTarget(0) extendedPlatform(0) -> platform(13) subTarget(537395200) extendedPlatform(0)
Refreshing native plugins compatible for Editor in 0.54 ms, found 5 plugins.
Preloading 2 native plugins for Editor in 0.19 ms.
Unloading 1554 Unused Serialized files (Serialized files now loaded: 0)
System memory in use before: 77.9 MB.
System memory in use after: 77.3 MB.

Unloading 53 unused Assets to reduce memory usage. Loaded Objects now: 2354.
Total: 4.150500 ms (FindLiveObjects: 0.173100 ms CreateObjectMapping: 0.062400 ms MarkObjects: 3.540800 ms  DeleteObjects: 0.372800 ms)

AssetImportParameters requested are different than current active one (requested -> active):
  custom:framework-win-MediaFoundation: 216162199b28c13a410421893ffa2e32 -> 
  custom:video-decoder-ogg-theora: a1e56fd34408186e4bbccfd4996cb3dc -> 
  custom:container-muxer-webm: aa71ff27fc2769a1b78a27578f13a17b -> 
  custom:container-demuxer-webm: 4f35f7cbe854078d1ac9338744f61a02 -> 
  custom:container-demuxer-ogg: 62fdf1f143b41e24485cea50d1cbac27 -> 
  custom:video-encoder-webm-vp8: eb34c28f22e8b96e1ab97ce403110664 -> 
  custom:video-decoder-webm-vp8: 9c59270c3fd7afecdb556c50c9e8de78 -> 
  custom:graphics/normal-map-encoding: 01000000000000000000000000000000 -> 02000000000000000000000000000000
  custom:audio-decoder-ogg-vorbis: bf7c407c2cedff20999df2af8eb42d56 -> 
  custom:audio-encoder-webm-vorbis: bf7c407c2cedff20999df2af8eb42d56 -> 
========================================================================
Received Prepare
Refreshing native plugins compatible for Editor in 16.38 ms, found 5 plugins.
Preloading 2 native plugins for Editor in 0.17 ms.
Unloading 51 Unused Serialized files (Serialized files now loaded: 0)
System memory in use before: 48.4 MB.
System memory in use after: 47.8 MB.

Unloading 51 unused Assets to reduce memory usage. Loaded Objects now: 2354.
Total: 3.785300 ms (FindLiveObjects: 0.174800 ms CreateObjectMapping: 0.061600 ms MarkObjects: 3.168500 ms  DeleteObjects: 0.379500 ms)

AssetImportParameters requested are different than current active one (requested -> active):
  custom:framework-win-MediaFoundation: 216162199b28c13a410421893ffa2e32 -> 
  custom:video-decoder-ogg-theora: a1e56fd34408186e4bbccfd4996cb3dc -> 
  custom:container-muxer-webm: aa71ff27fc2769a1b78a27578f13a17b -> 
  custom:container-demuxer-webm: 4f35f7cbe854078d1ac9338744f61a02 -> 
  custom:container-demuxer-ogg: 62fdf1f143b41e24485cea50d1cbac27 -> 
  custom:video-encoder-webm-vp8: eb34c28f22e8b96e1ab97ce403110664 -> 
  custom:video-decoder-webm-vp8: 9c59270c3fd7afecdb556c50c9e8de78 -> 
  custom:audio-decoder-ogg-vorbis: bf7c407c2cedff20999df2af8eb42d56 -> 
  custom:audio-encoder-webm-vorbis: bf7c407c2cedff20999df2af8eb42d56 -> 
========================================================================
Received Prepare
Refreshing native plugins compatible for Editor in 52.64 ms, found 5 plugins.
Preloading 2 native plugins for Editor in 0.38 ms.
Unloading 51 Unused Serialized files (Serialized files now loaded: 0)
System memory in use before: 48.4 MB.
System memory in use after: 47.8 MB.

Unloading 51 unused Assets to reduce memory usage. Loaded Objects now: 2354.
Total: 47.416700 ms (FindLiveObjects: 0.476300 ms CreateObjectMapping: 0.075100 ms MarkObjects: 46.408700 ms  DeleteObjects: 0.455200 ms)

AssetImportParameters requested are different than current active one (requested -> active):
  custom:framework-win-MediaFoundation: 216162199b28c13a410421893ffa2e32 -> 
  custom:video-decoder-ogg-theora: a1e56fd34408186e4bbccfd4996cb3dc -> 
  custom:container-muxer-webm: aa71ff27fc2769a1b78a27578f13a17b -> 
  custom:container-demuxer-webm: 4f35f7cbe854078d1ac9338744f61a02 -> 
  custom:container-demuxer-ogg: 62fdf1f143b41e24485cea50d1cbac27 -> 
  custom:video-encoder-webm-vp8: eb34c28f22e8b96e1ab97ce403110664 -> 
  custom:video-decoder-webm-vp8: 9c59270c3fd7afecdb556c50c9e8de78 -> 
  custom:audio-decoder-ogg-vorbis: bf7c407c2cedff20999df2af8eb42d56 -> 
  custom:audio-encoder-webm-vorbis: bf7c407c2cedff20999df2af8eb42d56 -> 
AssetImportWorkerClient::OnTransportError - code=2 error=End of file
